21-Jul-2018 07:40:43.337 INFO [localhost-startStop-1] org.apache.catalina.core.ApplicationContext.log ContextListener: contextInitialized()
21-Jul-2018 07:40:43.337 INFO [localhost-startStop-1] org.apache.catalina.core.ApplicationContext.log SessionListener: contextInitialized()
21-Jul-2018 07:40:43.339 INFO [localhost-startStop-1] org.apache.catalina.core.ApplicationContext.log ContextListener: attributeAdded('StockTicker', 'async.Stockticker@16412e91')
21-Jul-2018 07:40:56.418 INFO [localhost-startStop-2] org.apache.catalina.core.ApplicationContext.log SessionListener: contextDestroyed()
21-Jul-2018 07:40:56.418 INFO [localhost-startStop-2] org.apache.catalina.core.ApplicationContext.log ContextListener: contextDestroyed()
21-Jul-2018 07:58:53.616 INFO [localhost-startStop-1] org.apache.catalina.core.ApplicationContext.log ContextListener: contextInitialized()
21-Jul-2018 07:58:53.616 INFO [localhost-startStop-1] org.apache.catalina.core.ApplicationContext.log SessionListener: contextInitialized()
21-Jul-2018 07:58:53.617 INFO [localhost-startStop-1] org.apache.catalina.core.ApplicationContext.log ContextListener: attributeAdded('StockTicker', 'async.Stockticker@b40e7c4')
21-Jul-2018 08:38:37.142 INFO [localhost-startStop-4] org.apache.catalina.core.ApplicationContext.log Initializing Spring FrameworkServlet 'mvc-dispatcher'
21-Jul-2018 08:38:47.972 INFO [ContainerBackgroundProcessor[StandardEngine[Catalina]]] org.apache.catalina.core.ApplicationContext.log Destroying Spring FrameworkServlet 'mvc-dispatcher'
21-Jul-2018 08:38:48.288 INFO [localhost-startStop-5] org.apache.catalina.core.ApplicationContext.log Initializing Spring FrameworkServlet 'mvc-dispatcher'
21-Jul-2018 08:40:57.959 INFO [localhost-startStop-6] org.apache.catalina.core.ApplicationContext.log SessionListener: contextDestroyed()
21-Jul-2018 08:40:57.960 INFO [localhost-startStop-6] org.apache.catalina.core.ApplicationContext.log ContextListener: contextDestroyed()
21-Jul-2018 08:40:57.968 INFO [localhost-startStop-6] org.apache.catalina.core.ApplicationContext.log Destroying Spring FrameworkServlet 'mvc-dispatcher'
21-Jul-2018 08:41:05.117 INFO [localhost-startStop-1] org.apache.catalina.core.ApplicationContext.log Initializing Spring FrameworkServlet 'mvc-dispatcher'
21-Jul-2018 08:41:06.003 INFO [localhost-startStop-1] org.apache.catalina.core.ApplicationContext.log ContextListener: contextInitialized()
21-Jul-2018 08:41:06.004 INFO [localhost-startStop-1] org.apache.catalina.core.ApplicationContext.log SessionListener: contextInitialized()
21-Jul-2018 08:41:06.004 INFO [localhost-startStop-1] org.apache.catalina.core.ApplicationContext.log ContextListener: attributeAdded('StockTicker', 'async.Stockticker@48a4ecc5')
21-Jul-2018 08:56:28.781 INFO [localhost-startStop-2] org.apache.catalina.core.ApplicationContext.log SessionListener: contextDestroyed()
21-Jul-2018 08:56:28.781 INFO [localhost-startStop-2] org.apache.catalina.core.ApplicationContext.log ContextListener: contextDestroyed()
21-Jul-2018 08:56:28.795 INFO [localhost-startStop-2] org.apache.catalina.core.ApplicationContext.log Destroying Spring FrameworkServlet 'mvc-dispatcher'
21-Jul-2018 08:56:54.644 INFO [localhost-startStop-1] org.apache.catalina.core.ApplicationContext.log Initializing Spring FrameworkServlet 'mvc-dispatcher'
21-Jul-2018 08:56:55.011 INFO [localhost-startStop-1] org.apache.catalina.core.ApplicationContext.log ContextListener: contextInitialized()
21-Jul-2018 08:56:55.011 INFO [localhost-startStop-1] org.apache.catalina.core.ApplicationContext.log SessionListener: contextInitialized()
21-Jul-2018 08:56:55.012 INFO [localhost-startStop-1] org.apache.catalina.core.ApplicationContext.log ContextListener: attributeAdded('StockTicker', 'async.Stockticker@20cfcbae')
21-Jul-2018 09:07:06.425 INFO [localhost-startStop-4] org.apache.catalina.core.ApplicationContext.log SessionListener: contextDestroyed()
21-Jul-2018 09:07:06.430 INFO [localhost-startStop-4] org.apache.catalina.core.ApplicationContext.log ContextListener: contextDestroyed()
21-Jul-2018 09:07:06.439 INFO [localhost-startStop-4] org.apache.catalina.core.ApplicationContext.log Destroying Spring FrameworkServlet 'mvc-dispatcher'
21-Jul-2018 09:07:25.565 INFO [localhost-startStop-1] org.apache.catalina.core.ApplicationContext.log Initializing Spring FrameworkServlet 'mvc-dispatcher'
21-Jul-2018 09:07:25.950 INFO [localhost-startStop-1] org.apache.catalina.core.ApplicationContext.log ContextListener: contextInitialized()
21-Jul-2018 09:07:25.950 INFO [localhost-startStop-1] org.apache.catalina.core.ApplicationContext.log SessionListener: contextInitialized()
21-Jul-2018 09:07:25.951 INFO [localhost-startStop-1] org.apache.catalina.core.ApplicationContext.log ContextListener: attributeAdded('StockTicker', 'async.Stockticker@20cfcbae')
